<?xml version="1.0" encoding="UTF-8"?>
<!-- Generated by org.testng.reporters.JUnitXMLReporter -->
<testsuite ignored="0" hostname="MSI" failures="0" tests="5" name="UiLoginFirefox" time="14.963" errors="0" timestamp="2024-07-02T14:27:57 IST">
  <testcase classname="learning.UILoginFirefox" name="the_user_enters_valid_credentials" time="0.425"/>
  <testcase classname="learning.UILoginFirefox" name="the_user_should_be_logged_in_successfully" time="0.027"/>
  <testcase classname="learning.UILoginFirefox" name="the_user_is_logged_in" time="0.0"/>
  <testcase classname="learning.UILoginFirefox" name="the_user_clicks_on_the_logout_button" time="10.459"/>
  <testcase classname="learning.UILoginFirefox" name="the_user_should_be_logged_out_successfully" time="0.994"/>
</testsuite> <!-- UiLoginFirefox -->
