<?xml version="1.0" encoding="UTF-8"?>
<!-- Generated by org.testng.reporters.JUnitXMLReporter -->
<testsuite ignored="0" hostname="MSI" failures="0" tests="5" name="Default test" time="13.224" errors="0" timestamp="2024-06-26T20:38:42 IST">
  <testcase classname="learning.UiLoginTest" name="the_user_enters_valid_credentials" time="0.323"/>
  <testcase classname="learning.UiLoginTest" name="the_user_should_be_logged_in_successfully" time="0.076"/>
  <testcase classname="learning.UiLoginTest" name="the_user_is_logged_in" time="0.002"/>
  <testcase classname="learning.UiLoginTest" name="the_user_clicks_on_the_logout_button" time="10.146"/>
  <testcase classname="learning.UiLoginTest" name="the_user_should_be_logged_out_successfully" time="0.024"/>
</testsuite> <!-- Default test -->
