<?xml version="1.0" encoding="UTF-8"?>
<testng-results ignored="0" total="15" passed="15" failed="0" skipped="0">
  <reporter-output>
  </reporter-output>
  <suite started-at="2024-07-02T14:27:14 IST" name="MyTestSuite" finished-at="2024-07-02T14:27:57 IST" duration-ms="42636">
    <groups>
    </groups>
    <test started-at="2024-07-02T14:27:14 IST" name="UiLoginTest" finished-at="2024-07-02T14:27:28 IST" duration-ms="13534">
      <class name="learning.UiLoginTest">
        <test-method is-config="true" signature="the_user_is_on_the_login_page()[pri:0, instance:learning.UiLoginTest@4a00d9cf]" started-at="2024-07-02T14:27:14 IST" name="the_user_is_on_the_login_page" finished-at="2024-07-02T14:27:17 IST" duration-ms="2897" status="PASS">
          <reporter-output>
          </reporter-output>
        </test-method> <!-- the_user_is_on_the_login_page -->
        <test-method signature="the_user_enters_valid_credentials()[pri:1, instance:learning.UiLoginTest@4a00d9cf]" started-at="2024-07-02T14:27:17 IST" name="the_user_enters_valid_credentials" finished-at="2024-07-02T14:27:17 IST" duration-ms="241" status="PASS">
          <reporter-output>
          </reporter-output>
        </test-method> <!-- the_user_enters_valid_credentials -->
        <test-method signature="the_user_should_be_logged_in_successfully()[pri:2, instance:learning.UiLoginTest@4a00d9cf]" started-at="2024-07-02T14:27:17 IST" name="the_user_should_be_logged_in_successfully" finished-at="2024-07-02T14:27:17 IST" duration-ms="83" status="PASS">
          <reporter-output>
          </reporter-output>
        </test-method> <!-- the_user_should_be_logged_in_successfully -->
        <test-method signature="the_user_is_logged_in()[pri:3, instance:learning.UiLoginTest@4a00d9cf]" started-at="2024-07-02T14:27:17 IST" name="the_user_is_logged_in" finished-at="2024-07-02T14:27:17 IST" duration-ms="1" status="PASS">
          <reporter-output>
          </reporter-output>
        </test-method> <!-- the_user_is_logged_in -->
        <test-method signature="the_user_clicks_on_the_logout_button()[pri:4, instance:learning.UiLoginTest@4a00d9cf]" started-at="2024-07-02T14:27:17 IST" name="the_user_clicks_on_the_logout_button" finished-at="2024-07-02T14:27:27 IST" duration-ms="10131" status="PASS">
          <reporter-output>
          </reporter-output>
        </test-method> <!-- the_user_clicks_on_the_logout_button -->
        <test-method signature="the_user_should_be_logged_out_successfully()[pri:5, instance:learning.UiLoginTest@4a00d9cf]" started-at="2024-07-02T14:27:27 IST" name="the_user_should_be_logged_out_successfully" finished-at="2024-07-02T14:27:28 IST" duration-ms="125" status="PASS">
          <reporter-output>
          </reporter-output>
        </test-method> <!-- the_user_should_be_logged_out_successfully -->
      </class> <!-- learning.UiLoginTest -->
    </test> <!-- UiLoginTest -->
    <test started-at="2024-07-02T14:27:28 IST" name="UiLoginEdge" finished-at="2024-07-02T14:27:42 IST" duration-ms="14115">
      <class name="learning.UILoginEdge">
        <test-method is-config="true" signature="the_user_is_on_the_login_page()[pri:0, instance:learning.UILoginEdge@4f74980d]" started-at="2024-07-02T14:27:28 IST" name="the_user_is_on_the_login_page" finished-at="2024-07-02T14:27:30 IST" duration-ms="2197" status="PASS">
          <reporter-output>
          </reporter-output>
        </test-method> <!-- the_user_is_on_the_login_page -->
        <test-method signature="the_user_enters_valid_credentials()[pri:1, instance:learning.UILoginEdge@4f74980d]" started-at="2024-07-02T14:27:30 IST" name="the_user_enters_valid_credentials" finished-at="2024-07-02T14:27:30 IST" duration-ms="357" status="PASS">
          <reporter-output>
          </reporter-output>
        </test-method> <!-- the_user_enters_valid_credentials -->
        <test-method signature="the_user_should_be_logged_in_successfully()[pri:2, instance:learning.UILoginEdge@4f74980d]" started-at="2024-07-02T14:27:30 IST" name="the_user_should_be_logged_in_successfully" finished-at="2024-07-02T14:27:30 IST" duration-ms="64" status="PASS">
          <reporter-output>
          </reporter-output>
        </test-method> <!-- the_user_should_be_logged_in_successfully -->
        <test-method signature="the_user_is_logged_in()[pri:3, instance:learning.UILoginEdge@4f74980d]" started-at="2024-07-02T14:27:30 IST" name="the_user_is_logged_in" finished-at="2024-07-02T14:27:30 IST" duration-ms="1" status="PASS">
          <reporter-output>
          </reporter-output>
        </test-method> <!-- the_user_is_logged_in -->
        <test-method signature="the_user_clicks_on_the_logout_button()[pri:4, instance:learning.UILoginEdge@4f74980d]" started-at="2024-07-02T14:27:30 IST" name="the_user_clicks_on_the_logout_button" finished-at="2024-07-02T14:27:40 IST" duration-ms="10121" status="PASS">
          <reporter-output>
          </reporter-output>
        </test-method> <!-- the_user_clicks_on_the_logout_button -->
        <test-method signature="the_user_should_be_logged_out_successfully()[pri:5, instance:learning.UILoginEdge@4f74980d]" started-at="2024-07-02T14:27:40 IST" name="the_user_should_be_logged_out_successfully" finished-at="2024-07-02T14:27:42 IST" duration-ms="1364" status="PASS">
          <reporter-output>
          </reporter-output>
        </test-method> <!-- the_user_should_be_logged_out_successfully -->
      </class> <!-- learning.UILoginEdge -->
    </test> <!-- UiLoginEdge -->
    <test started-at="2024-07-02T14:27:42 IST" name="UiLoginFirefox" finished-at="2024-07-02T14:27:57 IST" duration-ms="14963">
      <class name="learning.UILoginFirefox">
        <test-method is-config="true" signature="the_user_is_on_the_login_page()[pri:0, instance:learning.UILoginFirefox@2a3888c1]" started-at="2024-07-02T14:27:42 IST" name="the_user_is_on_the_login_page" finished-at="2024-07-02T14:27:45 IST" duration-ms="3049" status="PASS">
          <reporter-output>
          </reporter-output>
        </test-method> <!-- the_user_is_on_the_login_page -->
        <test-method signature="the_user_enters_valid_credentials()[pri:1, instance:learning.UILoginFirefox@2a3888c1]" started-at="2024-07-02T14:27:45 IST" name="the_user_enters_valid_credentials" finished-at="2024-07-02T14:27:45 IST" duration-ms="425" status="PASS">
          <reporter-output>
          </reporter-output>
        </test-method> <!-- the_user_enters_valid_credentials -->
        <test-method signature="the_user_should_be_logged_in_successfully()[pri:2, instance:learning.UILoginFirefox@2a3888c1]" started-at="2024-07-02T14:27:45 IST" name="the_user_should_be_logged_in_successfully" finished-at="2024-07-02T14:27:45 IST" duration-ms="27" status="PASS">
          <reporter-output>
          </reporter-output>
        </test-method> <!-- the_user_should_be_logged_in_successfully -->
        <test-method signature="the_user_is_logged_in()[pri:3, instance:learning.UILoginFirefox@2a3888c1]" started-at="2024-07-02T14:27:45 IST" name="the_user_is_logged_in" finished-at="2024-07-02T14:27:45 IST" duration-ms="0" status="PASS">
          <reporter-output>
          </reporter-output>
        </test-method> <!-- the_user_is_logged_in -->
        <test-method signature="the_user_clicks_on_the_logout_button()[pri:4, instance:learning.UILoginFirefox@2a3888c1]" started-at="2024-07-02T14:27:45 IST" name="the_user_clicks_on_the_logout_button" finished-at="2024-07-02T14:27:56 IST" duration-ms="10459" status="PASS">
          <reporter-output>
          </reporter-output>
        </test-method> <!-- the_user_clicks_on_the_logout_button -->
        <test-method signature="the_user_should_be_logged_out_successfully()[pri:5, instance:learning.UILoginFirefox@2a3888c1]" started-at="2024-07-02T14:27:56 IST" name="the_user_should_be_logged_out_successfully" finished-at="2024-07-02T14:27:57 IST" duration-ms="994" status="PASS">
          <reporter-output>
          </reporter-output>
        </test-method> <!-- the_user_should_be_logged_out_successfully -->
      </class> <!-- learning.UILoginFirefox -->
    </test> <!-- UiLoginFirefox -->
  </suite> <!-- MyTestSuite -->
</testng-results>
